18/02/06 09:31:32 ERROR distributedqueue.DistributedConcurrentLinkedQueue: Clear Nodes Error
java.lang.IllegalArgumentException: Path must start with / character
	at org.apache.zookeeper.common.PathUtils.validatePath(PathUtils.java:51)
	at org.apache.zookeeper.ZooKeeper.delete(ZooKeeper.java:851)
	at com.study.distributedqueue.DistributedConcurrentLinkedQueue.clear(DistributedConcurrentLinkedQueue.java:128)
	at com.study.distributedqueue.DetributedQueueTest.testQueueClear(DetributedQueueTest.java:76)
	at sun.reflect.NativeMethodAccessorImpl.invoke0(Native Method)
	at sun.reflect.NativeMethodAccessorImpl.invoke(NativeMethodAccessorImpl.java:62)
	at sun.reflect.DelegatingMethodAccessorImpl.invoke(DelegatingMethodAccessorImpl.java:43)
	at java.lang.reflect.Method.invoke(Method.java:498)
	at org.junit.runners.model.FrameworkMethod$1.runReflectiveCall(FrameworkMethod.java:47)
	at org.junit.internal.runners.model.ReflectiveCallable.run(ReflectiveCallable.java:12)
	at org.junit.runners.model.FrameworkMethod.invokeExplosively(FrameworkMethod.java:44)
	at org.junit.internal.runners.statements.InvokeMethod.evaluate(InvokeMethod.java:17)
	at org.junit.runners.ParentRunner.runLeaf(ParentRunner.java:271)
	at org.junit.runners.BlockJUnit4ClassRunner.runChild(BlockJUnit4ClassRunner.java:70)
	at org.junit.runners.BlockJUnit4ClassRunner.runChild(BlockJUnit4ClassRunner.java:50)
	at org.junit.runners.ParentRunner$3.run(ParentRunner.java:238)
	at org.junit.runners.ParentRunner$1.schedule(ParentRunner.java:63)
	at org.junit.runners.ParentRunner.runChildren(ParentRunner.java:236)
	at org.junit.runners.ParentRunner.access$000(ParentRunner.java:53)
	at org.junit.runners.ParentRunner$2.evaluate(ParentRunner.java:229)
	at org.junit.runners.ParentRunner.run(ParentRunner.java:309)
	at org.junit.runner.JUnitCore.run(JUnitCore.java:160)
	at com.intellij.junit4.JUnit4IdeaTestRunner.startRunnerWithArgs(JUnit4IdeaTestRunner.java:78)
	at com.intellij.rt.execution.junit.JUnitStarter.prepareStreamsAndStart(JUnitStarter.java:212)
	at com.intellij.rt.execution.junit.JUnitStarter.main(JUnitStarter.java:68)
	at sun.reflect.NativeMethodAccessorImpl.invoke0(Native Method)
	at sun.reflect.NativeMethodAccessorImpl.invoke(NativeMethodAccessorImpl.java:62)
	at sun.reflect.DelegatingMethodAccessorImpl.invoke(DelegatingMethodAccessorImpl.java:43)
	at java.lang.reflect.Method.invoke(Method.java:498)
	at com.intellij.rt.execution.application.AppMain.main(AppMain.java:140)
18/02/06 09:32:14 ERROR distributedqueue.DistributedConcurrentLinkedQueue: Clear Nodes Error
java.lang.IllegalArgumentException: Path must start with / character
	at org.apache.zookeeper.common.PathUtils.validatePath(PathUtils.java:51)
	at org.apache.zookeeper.ZooKeeper.delete(ZooKeeper.java:851)
	at com.study.distributedqueue.DistributedConcurrentLinkedQueue.clear(DistributedConcurrentLinkedQueue.java:128)
	at com.study.distributedqueue.DetributedQueueTest.testQueueClear(DetributedQueueTest.java:76)
	at sun.reflect.NativeMethodAccessorImpl.invoke0(Native Method)
	at sun.reflect.NativeMethodAccessorImpl.invoke(NativeMethodAccessorImpl.java:62)
	at sun.reflect.DelegatingMethodAccessorImpl.invoke(DelegatingMethodAccessorImpl.java:43)
	at java.lang.reflect.Method.invoke(Method.java:498)
	at org.junit.runners.model.FrameworkMethod$1.runReflectiveCall(FrameworkMethod.java:47)
	at org.junit.internal.runners.model.ReflectiveCallable.run(ReflectiveCallable.java:12)
	at org.junit.runners.model.FrameworkMethod.invokeExplosively(FrameworkMethod.java:44)
	at org.junit.internal.runners.statements.InvokeMethod.evaluate(InvokeMethod.java:17)
	at org.junit.runners.ParentRunner.runLeaf(ParentRunner.java:271)
	at org.junit.runners.BlockJUnit4ClassRunner.runChild(BlockJUnit4ClassRunner.java:70)
	at org.junit.runners.BlockJUnit4ClassRunner.runChild(BlockJUnit4ClassRunner.java:50)
	at org.junit.runners.ParentRunner$3.run(ParentRunner.java:238)
	at org.junit.runners.ParentRunner$1.schedule(ParentRunner.java:63)
	at org.junit.runners.ParentRunner.runChildren(ParentRunner.java:236)
	at org.junit.runners.ParentRunner.access$000(ParentRunner.java:53)
	at org.junit.runners.ParentRunner$2.evaluate(ParentRunner.java:229)
	at org.junit.runners.ParentRunner.run(ParentRunner.java:309)
	at org.junit.runner.JUnitCore.run(JUnitCore.java:160)
	at com.intellij.junit4.JUnit4IdeaTestRunner.startRunnerWithArgs(JUnit4IdeaTestRunner.java:78)
	at com.intellij.rt.execution.junit.JUnitStarter.prepareStreamsAndStart(JUnitStarter.java:212)
	at com.intellij.rt.execution.junit.JUnitStarter.main(JUnitStarter.java:68)
18/02/06 10:31:08 ERROR distributedqueue.DistributedConcurrentLinkedQueue: Queue Poll Error
org.apache.zookeeper.KeeperException$NoNodeException: KeeperErrorCode = NoNode for /zkutils/zkqueues/leotest0000000027
	at org.apache.zookeeper.KeeperException.create(KeeperException.java:111)
	at org.apache.zookeeper.KeeperException.create(KeeperException.java:51)
	at org.apache.zookeeper.ZooKeeper.delete(ZooKeeper.java:873)
	at com.study.distributedqueue.DistributedConcurrentLinkedQueue.poll(DistributedConcurrentLinkedQueue.java:90)
	at com.study.distributedqueue.DetributedQueueTest$8.call(DetributedQueueTest.java:140)
	at com.study.distributedqueue.DetributedQueueTest$8.call(DetributedQueueTest.java:136)
	at java.util.concurrent.FutureTask.run(FutureTask.java:266)
	at java.util.concurrent.ThreadPoolExecutor.runWorker(ThreadPoolExecutor.java:1142)
	at java.util.concurrent.ThreadPoolExecutor$Worker.run(ThreadPoolExecutor.java:617)
	at java.lang.Thread.run(Thread.java:745)
18/02/06 10:31:08 ERROR distributedqueue.DistributedConcurrentLinkedQueue: Queue Poll Error
org.apache.zookeeper.KeeperException$NoNodeException: KeeperErrorCode = NoNode for /zkutils/zkqueues/leotest0000000027
	at org.apache.zookeeper.KeeperException.create(KeeperException.java:111)
	at org.apache.zookeeper.KeeperException.create(KeeperException.java:51)
	at org.apache.zookeeper.ZooKeeper.delete(ZooKeeper.java:873)
	at com.study.distributedqueue.DistributedConcurrentLinkedQueue.poll(DistributedConcurrentLinkedQueue.java:90)
	at com.study.distributedqueue.DetributedQueueTest$8.call(DetributedQueueTest.java:140)
	at com.study.distributedqueue.DetributedQueueTest$8.call(DetributedQueueTest.java:136)
	at java.util.concurrent.FutureTask.run(FutureTask.java:266)
	at java.util.concurrent.ThreadPoolExecutor.runWorker(ThreadPoolExecutor.java:1142)
	at java.util.concurrent.ThreadPoolExecutor$Worker.run(ThreadPoolExecutor.java:617)
	at java.lang.Thread.run(Thread.java:745)
18/02/06 10:31:08 ERROR distributedqueue.DistributedConcurrentLinkedQueue: Queue Poll Error
org.apache.zookeeper.KeeperException$NoNodeException: KeeperErrorCode = NoNode for /zkutils/zkqueues/leotest0000000027
	at org.apache.zookeeper.KeeperException.create(KeeperException.java:111)
	at org.apache.zookeeper.KeeperException.create(KeeperException.java:51)
	at org.apache.zookeeper.ZooKeeper.delete(ZooKeeper.java:873)
	at com.study.distributedqueue.DistributedConcurrentLinkedQueue.poll(DistributedConcurrentLinkedQueue.java:90)
	at com.study.distributedqueue.DetributedQueueTest$8.call(DetributedQueueTest.java:140)
	at com.study.distributedqueue.DetributedQueueTest$8.call(DetributedQueueTest.java:136)
	at java.util.concurrent.FutureTask.run(FutureTask.java:266)
	at java.util.concurrent.ThreadPoolExecutor.runWorker(ThreadPoolExecutor.java:1142)
	at java.util.concurrent.ThreadPoolExecutor$Worker.run(ThreadPoolExecutor.java:617)
	at java.lang.Thread.run(Thread.java:745)
18/02/06 10:31:08 ERROR distributedqueue.DistributedConcurrentLinkedQueue: Queue Poll Error
org.apache.zookeeper.KeeperException$NoNodeException: KeeperErrorCode = NoNode for /zkutils/zkqueues/leotest0000000027
	at org.apache.zookeeper.KeeperException.create(KeeperException.java:111)
	at org.apache.zookeeper.KeeperException.create(KeeperException.java:51)
	at org.apache.zookeeper.ZooKeeper.delete(ZooKeeper.java:873)
	at com.study.distributedqueue.DistributedConcurrentLinkedQueue.poll(DistributedConcurrentLinkedQueue.java:90)
	at com.study.distributedqueue.DetributedQueueTest$8.call(DetributedQueueTest.java:140)
	at com.study.distributedqueue.DetributedQueueTest$8.call(DetributedQueueTest.java:136)
	at java.util.concurrent.FutureTask.run(FutureTask.java:266)
	at java.util.concurrent.ThreadPoolExecutor.runWorker(ThreadPoolExecutor.java:1142)
	at java.util.concurrent.ThreadPoolExecutor$Worker.run(ThreadPoolExecutor.java:617)
	at java.lang.Thread.run(Thread.java:745)
18/02/06 10:31:08 ERROR distributedqueue.DistributedConcurrentLinkedQueue: Queue Poll Error
org.apache.zookeeper.KeeperException$NoNodeException: KeeperErrorCode = NoNode for /zkutils/zkqueues/leotest0000000029
	at org.apache.zookeeper.KeeperException.create(KeeperException.java:111)
	at org.apache.zookeeper.KeeperException.create(KeeperException.java:51)
	at org.apache.zookeeper.ZooKeeper.getData(ZooKeeper.java:1212)
	at org.apache.zookeeper.ZooKeeper.getData(ZooKeeper.java:1241)
	at com.study.distributedqueue.DistributedConcurrentLinkedQueue.poll(DistributedConcurrentLinkedQueue.java:89)
	at com.study.distributedqueue.DetributedQueueTest$8.call(DetributedQueueTest.java:140)
	at com.study.distributedqueue.DetributedQueueTest$8.call(DetributedQueueTest.java:136)
	at java.util.concurrent.FutureTask.run(FutureTask.java:266)
	at java.util.concurrent.ThreadPoolExecutor.runWorker(ThreadPoolExecutor.java:1142)
	at java.util.concurrent.ThreadPoolExecutor$Worker.run(ThreadPoolExecutor.java:617)
	at java.lang.Thread.run(Thread.java:745)
18/02/06 10:31:08 ERROR distributedqueue.DistributedConcurrentLinkedQueue: Queue Poll Error
org.apache.zookeeper.KeeperException$NoNodeException: KeeperErrorCode = NoNode for /zkutils/zkqueues/leotest0000000030
	at org.apache.zookeeper.KeeperException.create(KeeperException.java:111)
	at org.apache.zookeeper.KeeperException.create(KeeperException.java:51)
	at org.apache.zookeeper.ZooKeeper.delete(ZooKeeper.java:873)
	at com.study.distributedqueue.DistributedConcurrentLinkedQueue.poll(DistributedConcurrentLinkedQueue.java:90)
	at com.study.distributedqueue.DetributedQueueTest$8.call(DetributedQueueTest.java:140)
	at com.study.distributedqueue.DetributedQueueTest$8.call(DetributedQueueTest.java:136)
	at java.util.concurrent.FutureTask.run(FutureTask.java:266)
	at java.util.concurrent.ThreadPoolExecutor.runWorker(ThreadPoolExecutor.java:1142)
	at java.util.concurrent.ThreadPoolExecutor$Worker.run(ThreadPoolExecutor.java:617)
	at java.lang.Thread.run(Thread.java:745)
18/02/06 10:32:24 ERROR distributedqueue.DistributedConcurrentLinkedQueue: Queue Poll Error
org.apache.zookeeper.KeeperException$NoNodeException: KeeperErrorCode = NoNode for /zkutils/zkqueues/leotest0000000037
	at org.apache.zookeeper.KeeperException.create(KeeperException.java:111)
	at org.apache.zookeeper.KeeperException.create(KeeperException.java:51)
	at org.apache.zookeeper.ZooKeeper.delete(ZooKeeper.java:873)
	at com.study.distributedqueue.DistributedConcurrentLinkedQueue.poll(DistributedConcurrentLinkedQueue.java:90)
	at com.study.distributedqueue.DetributedQueueTest$8.call(DetributedQueueTest.java:140)
	at com.study.distributedqueue.DetributedQueueTest$8.call(DetributedQueueTest.java:136)
	at java.util.concurrent.FutureTask.run(FutureTask.java:266)
	at java.util.concurrent.ThreadPoolExecutor.runWorker(ThreadPoolExecutor.java:1142)
	at java.util.concurrent.ThreadPoolExecutor$Worker.run(ThreadPoolExecutor.java:617)
	at java.lang.Thread.run(Thread.java:745)
18/02/06 10:32:24 ERROR distributedqueue.DistributedConcurrentLinkedQueue: Queue Poll Error
org.apache.zookeeper.KeeperException$NoNodeException: KeeperErrorCode = NoNode for /zkutils/zkqueues/leotest0000000037
	at org.apache.zookeeper.KeeperException.create(KeeperException.java:111)
	at org.apache.zookeeper.KeeperException.create(KeeperException.java:51)
	at org.apache.zookeeper.ZooKeeper.delete(ZooKeeper.java:873)
	at com.study.distributedqueue.DistributedConcurrentLinkedQueue.poll(DistributedConcurrentLinkedQueue.java:90)
	at com.study.distributedqueue.DetributedQueueTest$8.call(DetributedQueueTest.java:140)
	at com.study.distributedqueue.DetributedQueueTest$8.call(DetributedQueueTest.java:136)
	at java.util.concurrent.FutureTask.run(FutureTask.java:266)
	at java.util.concurrent.ThreadPoolExecutor.runWorker(ThreadPoolExecutor.java:1142)
	at java.util.concurrent.ThreadPoolExecutor$Worker.run(ThreadPoolExecutor.java:617)
	at java.lang.Thread.run(Thread.java:745)
18/02/06 10:32:24 ERROR distributedqueue.DistributedConcurrentLinkedQueue: Queue Poll Error
org.apache.zookeeper.KeeperException$NoNodeException: KeeperErrorCode = NoNode for /zkutils/zkqueues/leotest0000000037
	at org.apache.zookeeper.KeeperException.create(KeeperException.java:111)
	at org.apache.zookeeper.KeeperException.create(KeeperException.java:51)
	at org.apache.zookeeper.ZooKeeper.delete(ZooKeeper.java:873)
	at com.study.distributedqueue.DistributedConcurrentLinkedQueue.poll(DistributedConcurrentLinkedQueue.java:90)
	at com.study.distributedqueue.DetributedQueueTest$8.call(DetributedQueueTest.java:140)
	at com.study.distributedqueue.DetributedQueueTest$8.call(DetributedQueueTest.java:136)
	at java.util.concurrent.FutureTask.run(FutureTask.java:266)
	at java.util.concurrent.ThreadPoolExecutor.runWorker(ThreadPoolExecutor.java:1142)
	at java.util.concurrent.ThreadPoolExecutor$Worker.run(ThreadPoolExecutor.java:617)
	at java.lang.Thread.run(Thread.java:745)
18/02/06 10:32:24 ERROR distributedqueue.DistributedConcurrentLinkedQueue: Queue Poll Error
org.apache.zookeeper.KeeperException$NoNodeException: KeeperErrorCode = NoNode for /zkutils/zkqueues/leotest0000000037
	at org.apache.zookeeper.KeeperException.create(KeeperException.java:111)
	at org.apache.zookeeper.KeeperException.create(KeeperException.java:51)
	at org.apache.zookeeper.ZooKeeper.delete(ZooKeeper.java:873)
	at com.study.distributedqueue.DistributedConcurrentLinkedQueue.poll(DistributedConcurrentLinkedQueue.java:90)
	at com.study.distributedqueue.DetributedQueueTest$8.call(DetributedQueueTest.java:140)
	at com.study.distributedqueue.DetributedQueueTest$8.call(DetributedQueueTest.java:136)
	at java.util.concurrent.FutureTask.run(FutureTask.java:266)
	at java.util.concurrent.ThreadPoolExecutor.runWorker(ThreadPoolExecutor.java:1142)
	at java.util.concurrent.ThreadPoolExecutor$Worker.run(ThreadPoolExecutor.java:617)
	at java.lang.Thread.run(Thread.java:745)
18/02/06 10:32:24 ERROR distributedqueue.DistributedConcurrentLinkedQueue: Queue Poll Error
org.apache.zookeeper.KeeperException$NoNodeException: KeeperErrorCode = NoNode for /zkutils/zkqueues/leotest0000000039
	at org.apache.zookeeper.KeeperException.create(KeeperException.java:111)
	at org.apache.zookeeper.KeeperException.create(KeeperException.java:51)
	at org.apache.zookeeper.ZooKeeper.getData(ZooKeeper.java:1212)
	at org.apache.zookeeper.ZooKeeper.getData(ZooKeeper.java:1241)
	at com.study.distributedqueue.DistributedConcurrentLinkedQueue.poll(DistributedConcurrentLinkedQueue.java:89)
	at com.study.distributedqueue.DetributedQueueTest$8.call(DetributedQueueTest.java:140)
	at com.study.distributedqueue.DetributedQueueTest$8.call(DetributedQueueTest.java:136)
	at java.util.concurrent.FutureTask.run(FutureTask.java:266)
	at java.util.concurrent.ThreadPoolExecutor.runWorker(ThreadPoolExecutor.java:1142)
	at java.util.concurrent.ThreadPoolExecutor$Worker.run(ThreadPoolExecutor.java:617)
	at java.lang.Thread.run(Thread.java:745)
18/02/06 10:32:24 ERROR distributedqueue.DistributedConcurrentLinkedQueue: Queue Poll Error
org.apache.zookeeper.KeeperException$NoNodeException: KeeperErrorCode = NoNode for /zkutils/zkqueues/leotest0000000040
	at org.apache.zookeeper.KeeperException.create(KeeperException.java:111)
	at org.apache.zookeeper.KeeperException.create(KeeperException.java:51)
	at org.apache.zookeeper.ZooKeeper.delete(ZooKeeper.java:873)
	at com.study.distributedqueue.DistributedConcurrentLinkedQueue.poll(DistributedConcurrentLinkedQueue.java:90)
	at com.study.distributedqueue.DetributedQueueTest$8.call(DetributedQueueTest.java:140)
	at com.study.distributedqueue.DetributedQueueTest$8.call(DetributedQueueTest.java:136)
	at java.util.concurrent.FutureTask.run(FutureTask.java:266)
	at java.util.concurrent.ThreadPoolExecutor.runWorker(ThreadPoolExecutor.java:1142)
	at java.util.concurrent.ThreadPoolExecutor$Worker.run(ThreadPoolExecutor.java:617)
	at java.lang.Thread.run(Thread.java:745)
18/02/06 10:43:15 ERROR distributedqueue.DistributedConcurrentLinkedQueue: Queue Poll Error
org.apache.zookeeper.KeeperException$NoNodeException: KeeperErrorCode = NoNode for /zkutils/zkqueues/leotest0000000047
	at org.apache.zookeeper.KeeperException.create(KeeperException.java:111)
	at org.apache.zookeeper.KeeperException.create(KeeperException.java:51)
	at org.apache.zookeeper.ZooKeeper.getData(ZooKeeper.java:1212)
	at org.apache.zookeeper.ZooKeeper.getData(ZooKeeper.java:1241)
	at com.study.distributedqueue.DistributedConcurrentLinkedQueue.poll(DistributedConcurrentLinkedQueue.java:90)
	at com.study.distributedqueue.DetributedQueueTest$8.call(DetributedQueueTest.java:140)
	at com.study.distributedqueue.DetributedQueueTest$8.call(DetributedQueueTest.java:136)
	at java.util.concurrent.FutureTask.run(FutureTask.java:266)
	at java.util.concurrent.ThreadPoolExecutor.runWorker(ThreadPoolExecutor.java:1142)
	at java.util.concurrent.ThreadPoolExecutor$Worker.run(ThreadPoolExecutor.java:617)
	at java.lang.Thread.run(Thread.java:745)
18/02/06 10:43:15 ERROR distributedqueue.DistributedConcurrentLinkedQueue: Queue Poll Error
org.apache.zookeeper.KeeperException$NoNodeException: KeeperErrorCode = NoNode for /zkutils/zkqueues/leotest0000000047
	at org.apache.zookeeper.KeeperException.create(KeeperException.java:111)
	at org.apache.zookeeper.KeeperException.create(KeeperException.java:51)
	at org.apache.zookeeper.ZooKeeper.getData(ZooKeeper.java:1212)
	at org.apache.zookeeper.ZooKeeper.getData(ZooKeeper.java:1241)
	at com.study.distributedqueue.DistributedConcurrentLinkedQueue.poll(DistributedConcurrentLinkedQueue.java:90)
	at com.study.distributedqueue.DetributedQueueTest$8.call(DetributedQueueTest.java:140)
	at com.study.distributedqueue.DetributedQueueTest$8.call(DetributedQueueTest.java:136)
	at java.util.concurrent.FutureTask.run(FutureTask.java:266)
	at java.util.concurrent.ThreadPoolExecutor.runWorker(ThreadPoolExecutor.java:1142)
	at java.util.concurrent.ThreadPoolExecutor$Worker.run(ThreadPoolExecutor.java:617)
	at java.lang.Thread.run(Thread.java:745)
18/02/06 10:43:15 ERROR distributedqueue.DistributedConcurrentLinkedQueue: Queue Poll Error
org.apache.zookeeper.KeeperException$NoNodeException: KeeperErrorCode = NoNode for /zkutils/zkqueues/leotest0000000047
	at org.apache.zookeeper.KeeperException.create(KeeperException.java:111)
	at org.apache.zookeeper.KeeperException.create(KeeperException.java:51)
	at org.apache.zookeeper.ZooKeeper.getData(ZooKeeper.java:1212)
	at org.apache.zookeeper.ZooKeeper.getData(ZooKeeper.java:1241)
	at com.study.distributedqueue.DistributedConcurrentLinkedQueue.poll(DistributedConcurrentLinkedQueue.java:90)
	at com.study.distributedqueue.DetributedQueueTest$8.call(DetributedQueueTest.java:140)
	at com.study.distributedqueue.DetributedQueueTest$8.call(DetributedQueueTest.java:136)
	at java.util.concurrent.FutureTask.run(FutureTask.java:266)
	at java.util.concurrent.ThreadPoolExecutor.runWorker(ThreadPoolExecutor.java:1142)
	at java.util.concurrent.ThreadPoolExecutor$Worker.run(ThreadPoolExecutor.java:617)
	at java.lang.Thread.run(Thread.java:745)
18/02/06 10:43:15 ERROR distributedqueue.DistributedConcurrentLinkedQueue: Queue Poll Error
org.apache.zookeeper.KeeperException$NoNodeException: KeeperErrorCode = NoNode for /zkutils/zkqueues/leotest0000000047
	at org.apache.zookeeper.KeeperException.create(KeeperException.java:111)
	at org.apache.zookeeper.KeeperException.create(KeeperException.java:51)
	at org.apache.zookeeper.ZooKeeper.getData(ZooKeeper.java:1212)
	at org.apache.zookeeper.ZooKeeper.getData(ZooKeeper.java:1241)
	at com.study.distributedqueue.DistributedConcurrentLinkedQueue.poll(DistributedConcurrentLinkedQueue.java:90)
	at com.study.distributedqueue.DetributedQueueTest$8.call(DetributedQueueTest.java:140)
	at com.study.distributedqueue.DetributedQueueTest$8.call(DetributedQueueTest.java:136)
	at java.util.concurrent.FutureTask.run(FutureTask.java:266)
	at java.util.concurrent.ThreadPoolExecutor.runWorker(ThreadPoolExecutor.java:1142)
	at java.util.concurrent.ThreadPoolExecutor$Worker.run(ThreadPoolExecutor.java:617)
	at java.lang.Thread.run(Thread.java:745)
18/02/06 10:43:15 ERROR distributedqueue.DistributedConcurrentLinkedQueue: Queue Poll Error
org.apache.zookeeper.KeeperException$NoNodeException: KeeperErrorCode = NoNode for /zkutils/zkqueues/leotest0000000048
	at org.apache.zookeeper.KeeperException.create(KeeperException.java:111)
	at org.apache.zookeeper.KeeperException.create(KeeperException.java:51)
	at org.apache.zookeeper.ZooKeeper.getData(ZooKeeper.java:1212)
	at org.apache.zookeeper.ZooKeeper.getData(ZooKeeper.java:1241)
	at com.study.distributedqueue.DistributedConcurrentLinkedQueue.poll(DistributedConcurrentLinkedQueue.java:90)
	at com.study.distributedqueue.DetributedQueueTest$8.call(DetributedQueueTest.java:140)
	at com.study.distributedqueue.DetributedQueueTest$8.call(DetributedQueueTest.java:136)
	at java.util.concurrent.FutureTask.run(FutureTask.java:266)
	at java.util.concurrent.ThreadPoolExecutor.runWorker(ThreadPoolExecutor.java:1142)
	at java.util.concurrent.ThreadPoolExecutor$Worker.run(ThreadPoolExecutor.java:617)
	at java.lang.Thread.run(Thread.java:745)
18/02/06 10:43:15 ERROR distributedqueue.DistributedConcurrentLinkedQueue: Queue Poll Error
org.apache.zookeeper.KeeperException$NoNodeException: KeeperErrorCode = NoNode for /zkutils/zkqueues/leotest0000000048
	at org.apache.zookeeper.KeeperException.create(KeeperException.java:111)
	at org.apache.zookeeper.KeeperException.create(KeeperException.java:51)
	at org.apache.zookeeper.ZooKeeper.getData(ZooKeeper.java:1212)
	at org.apache.zookeeper.ZooKeeper.getData(ZooKeeper.java:1241)
	at com.study.distributedqueue.DistributedConcurrentLinkedQueue.poll(DistributedConcurrentLinkedQueue.java:90)
	at com.study.distributedqueue.DetributedQueueTest$8.call(DetributedQueueTest.java:140)
	at com.study.distributedqueue.DetributedQueueTest$8.call(DetributedQueueTest.java:136)
	at java.util.concurrent.FutureTask.run(FutureTask.java:266)
	at java.util.concurrent.ThreadPoolExecutor.runWorker(ThreadPoolExecutor.java:1142)
	at java.util.concurrent.ThreadPoolExecutor$Worker.run(ThreadPoolExecutor.java:617)
	at java.lang.Thread.run(Thread.java:745)
18/02/06 10:43:15 ERROR distributedqueue.DistributedConcurrentLinkedQueue: Queue Poll Error
org.apache.zookeeper.KeeperException$NoNodeException: KeeperErrorCode = NoNode for /zkutils/zkqueues/leotest0000000048
	at org.apache.zookeeper.KeeperException.create(KeeperException.java:111)
	at org.apache.zookeeper.KeeperException.create(KeeperException.java:51)
	at org.apache.zookeeper.ZooKeeper.getData(ZooKeeper.java:1212)
	at org.apache.zookeeper.ZooKeeper.getData(ZooKeeper.java:1241)
	at com.study.distributedqueue.DistributedConcurrentLinkedQueue.poll(DistributedConcurrentLinkedQueue.java:90)
	at com.study.distributedqueue.DetributedQueueTest$8.call(DetributedQueueTest.java:140)
	at com.study.distributedqueue.DetributedQueueTest$8.call(DetributedQueueTest.java:136)
	at java.util.concurrent.FutureTask.run(FutureTask.java:266)
	at java.util.concurrent.ThreadPoolExecutor.runWorker(ThreadPoolExecutor.java:1142)
	at java.util.concurrent.ThreadPoolExecutor$Worker.run(ThreadPoolExecutor.java:617)
	at java.lang.Thread.run(Thread.java:745)
18/02/06 10:43:15 ERROR distributedqueue.DistributedConcurrentLinkedQueue: Queue Poll Error
org.apache.zookeeper.KeeperException$NoNodeException: KeeperErrorCode = NoNode for /zkutils/zkqueues/leotest0000000048
	at org.apache.zookeeper.KeeperException.create(KeeperException.java:111)
	at org.apache.zookeeper.KeeperException.create(KeeperException.java:51)
	at org.apache.zookeeper.ZooKeeper.getData(ZooKeeper.java:1212)
	at org.apache.zookeeper.ZooKeeper.getData(ZooKeeper.java:1241)
	at com.study.distributedqueue.DistributedConcurrentLinkedQueue.poll(DistributedConcurrentLinkedQueue.java:90)
	at com.study.distributedqueue.DetributedQueueTest$8.call(DetributedQueueTest.java:140)
	at com.study.distributedqueue.DetributedQueueTest$8.call(DetributedQueueTest.java:136)
	at java.util.concurrent.FutureTask.run(FutureTask.java:266)
	at java.util.concurrent.ThreadPoolExecutor.runWorker(ThreadPoolExecutor.java:1142)
	at java.util.concurrent.ThreadPoolExecutor$Worker.run(ThreadPoolExecutor.java:617)
	at java.lang.Thread.run(Thread.java:745)
18/02/06 10:46:26 ERROR distributedqueue.DistributedConcurrentLinkedQueue: Queue Poll Error
org.apache.zookeeper.KeeperException$NoNodeException: KeeperErrorCode = NoNode for /zkutils/zkqueues/leotest0000000057
	at org.apache.zookeeper.KeeperException.create(KeeperException.java:111)
	at org.apache.zookeeper.KeeperException.create(KeeperException.java:51)
	at org.apache.zookeeper.ZooKeeper.getData(ZooKeeper.java:1212)
	at org.apache.zookeeper.ZooKeeper.getData(ZooKeeper.java:1241)
	at com.study.distributedqueue.DistributedConcurrentLinkedQueue.poll(DistributedConcurrentLinkedQueue.java:91)
	at com.study.distributedqueue.DetributedQueueTest$8.call(DetributedQueueTest.java:140)
	at com.study.distributedqueue.DetributedQueueTest$8.call(DetributedQueueTest.java:136)
	at java.util.concurrent.FutureTask.run(FutureTask.java:266)
	at java.util.concurrent.ThreadPoolExecutor.runWorker(ThreadPoolExecutor.java:1142)
	at java.util.concurrent.ThreadPoolExecutor$Worker.run(ThreadPoolExecutor.java:617)
	at java.lang.Thread.run(Thread.java:745)
18/02/06 10:46:26 ERROR distributedqueue.DistributedConcurrentLinkedQueue: Queue Poll Error
org.apache.zookeeper.KeeperException$NoNodeException: KeeperErrorCode = NoNode for /zkutils/zkqueues/leotest0000000057
	at org.apache.zookeeper.KeeperException.create(KeeperException.java:111)
	at org.apache.zookeeper.KeeperException.create(KeeperException.java:51)
	at org.apache.zookeeper.ZooKeeper.getData(ZooKeeper.java:1212)
	at org.apache.zookeeper.ZooKeeper.getData(ZooKeeper.java:1241)
	at com.study.distributedqueue.DistributedConcurrentLinkedQueue.poll(DistributedConcurrentLinkedQueue.java:91)
	at com.study.distributedqueue.DetributedQueueTest$8.call(DetributedQueueTest.java:140)
	at com.study.distributedqueue.DetributedQueueTest$8.call(DetributedQueueTest.java:136)
	at java.util.concurrent.FutureTask.run(FutureTask.java:266)
	at java.util.concurrent.ThreadPoolExecutor.runWorker(ThreadPoolExecutor.java:1142)
	at java.util.concurrent.ThreadPoolExecutor$Worker.run(ThreadPoolExecutor.java:617)
	at java.lang.Thread.run(Thread.java:745)
18/02/06 10:46:26 ERROR distributedqueue.DistributedConcurrentLinkedQueue: Queue Poll Error
org.apache.zookeeper.KeeperException$NoNodeException: KeeperErrorCode = NoNode for /zkutils/zkqueues/leotest0000000057
	at org.apache.zookeeper.KeeperException.create(KeeperException.java:111)
	at org.apache.zookeeper.KeeperException.create(KeeperException.java:51)
	at org.apache.zookeeper.ZooKeeper.getData(ZooKeeper.java:1212)
	at org.apache.zookeeper.ZooKeeper.getData(ZooKeeper.java:1241)
	at com.study.distributedqueue.DistributedConcurrentLinkedQueue.poll(DistributedConcurrentLinkedQueue.java:91)
	at com.study.distributedqueue.DetributedQueueTest$8.call(DetributedQueueTest.java:140)
	at com.study.distributedqueue.DetributedQueueTest$8.call(DetributedQueueTest.java:136)
	at java.util.concurrent.FutureTask.run(FutureTask.java:266)
	at java.util.concurrent.ThreadPoolExecutor.runWorker(ThreadPoolExecutor.java:1142)
	at java.util.concurrent.ThreadPoolExecutor$Worker.run(ThreadPoolExecutor.java:617)
	at java.lang.Thread.run(Thread.java:745)
18/02/06 10:46:26 ERROR distributedqueue.DistributedConcurrentLinkedQueue: Queue Poll Error
org.apache.zookeeper.KeeperException$NoNodeException: KeeperErrorCode = NoNode for /zkutils/zkqueues/leotest0000000057
	at org.apache.zookeeper.KeeperException.create(KeeperException.java:111)
	at org.apache.zookeeper.KeeperException.create(KeeperException.java:51)
	at org.apache.zookeeper.ZooKeeper.getData(ZooKeeper.java:1212)
	at org.apache.zookeeper.ZooKeeper.getData(ZooKeeper.java:1241)
	at com.study.distributedqueue.DistributedConcurrentLinkedQueue.poll(DistributedConcurrentLinkedQueue.java:91)
	at com.study.distributedqueue.DetributedQueueTest$8.call(DetributedQueueTest.java:140)
	at com.study.distributedqueue.DetributedQueueTest$8.call(DetributedQueueTest.java:136)
	at java.util.concurrent.FutureTask.run(FutureTask.java:266)
	at java.util.concurrent.ThreadPoolExecutor.runWorker(ThreadPoolExecutor.java:1142)
	at java.util.concurrent.ThreadPoolExecutor$Worker.run(ThreadPoolExecutor.java:617)
	at java.lang.Thread.run(Thread.java:745)
18/02/06 10:46:26 ERROR distributedqueue.DistributedConcurrentLinkedQueue: Queue Poll Error
org.apache.zookeeper.KeeperException$NoNodeException: KeeperErrorCode = NoNode for /zkutils/zkqueues/leotest0000000058
	at org.apache.zookeeper.KeeperException.create(KeeperException.java:111)
	at org.apache.zookeeper.KeeperException.create(KeeperException.java:51)
	at org.apache.zookeeper.ZooKeeper.getData(ZooKeeper.java:1212)
	at org.apache.zookeeper.ZooKeeper.getData(ZooKeeper.java:1241)
	at com.study.distributedqueue.DistributedConcurrentLinkedQueue.poll(DistributedConcurrentLinkedQueue.java:91)
	at com.study.distributedqueue.DetributedQueueTest$8.call(DetributedQueueTest.java:140)
	at com.study.distributedqueue.DetributedQueueTest$8.call(DetributedQueueTest.java:136)
	at java.util.concurrent.FutureTask.run(FutureTask.java:266)
	at java.util.concurrent.ThreadPoolExecutor.runWorker(ThreadPoolExecutor.java:1142)
	at java.util.concurrent.ThreadPoolExecutor$Worker.run(ThreadPoolExecutor.java:617)
	at java.lang.Thread.run(Thread.java:745)
18/02/06 10:46:26 ERROR distributedqueue.DistributedConcurrentLinkedQueue: Queue Poll Error
org.apache.zookeeper.KeeperException$NoNodeException: KeeperErrorCode = NoNode for /zkutils/zkqueues/leotest0000000058
	at org.apache.zookeeper.KeeperException.create(KeeperException.java:111)
	at org.apache.zookeeper.KeeperException.create(KeeperException.java:51)
	at org.apache.zookeeper.ZooKeeper.getData(ZooKeeper.java:1212)
	at org.apache.zookeeper.ZooKeeper.getData(ZooKeeper.java:1241)
	at com.study.distributedqueue.DistributedConcurrentLinkedQueue.poll(DistributedConcurrentLinkedQueue.java:91)
	at com.study.distributedqueue.DetributedQueueTest$8.call(DetributedQueueTest.java:140)
	at com.study.distributedqueue.DetributedQueueTest$8.call(DetributedQueueTest.java:136)
	at java.util.concurrent.FutureTask.run(FutureTask.java:266)
	at java.util.concurrent.ThreadPoolExecutor.runWorker(ThreadPoolExecutor.java:1142)
	at java.util.concurrent.ThreadPoolExecutor$Worker.run(ThreadPoolExecutor.java:617)
	at java.lang.Thread.run(Thread.java:745)
18/02/06 10:46:26 ERROR distributedqueue.DistributedConcurrentLinkedQueue: Queue Poll Error
org.apache.zookeeper.KeeperException$NoNodeException: KeeperErrorCode = NoNode for /zkutils/zkqueues/leotest0000000058
	at org.apache.zookeeper.KeeperException.create(KeeperException.java:111)
	at org.apache.zookeeper.KeeperException.create(KeeperException.java:51)
	at org.apache.zookeeper.ZooKeeper.getData(ZooKeeper.java:1212)
	at org.apache.zookeeper.ZooKeeper.getData(ZooKeeper.java:1241)
	at com.study.distributedqueue.DistributedConcurrentLinkedQueue.poll(DistributedConcurrentLinkedQueue.java:91)
	at com.study.distributedqueue.DetributedQueueTest$8.call(DetributedQueueTest.java:140)
	at com.study.distributedqueue.DetributedQueueTest$8.call(DetributedQueueTest.java:136)
	at java.util.concurrent.FutureTask.run(FutureTask.java:266)
	at java.util.concurrent.ThreadPoolExecutor.runWorker(ThreadPoolExecutor.java:1142)
	at java.util.concurrent.ThreadPoolExecutor$Worker.run(ThreadPoolExecutor.java:617)
	at java.lang.Thread.run(Thread.java:745)
18/02/06 10:46:26 ERROR distributedqueue.DistributedConcurrentLinkedQueue: Queue Poll Error
org.apache.zookeeper.KeeperException$NoNodeException: KeeperErrorCode = NoNode for /zkutils/zkqueues/leotest0000000058
	at org.apache.zookeeper.KeeperException.create(KeeperException.java:111)
	at org.apache.zookeeper.KeeperException.create(KeeperException.java:51)
	at org.apache.zookeeper.ZooKeeper.getData(ZooKeeper.java:1212)
	at org.apache.zookeeper.ZooKeeper.getData(ZooKeeper.java:1241)
	at com.study.distributedqueue.DistributedConcurrentLinkedQueue.poll(DistributedConcurrentLinkedQueue.java:91)
	at com.study.distributedqueue.DetributedQueueTest$8.call(DetributedQueueTest.java:140)
	at com.study.distributedqueue.DetributedQueueTest$8.call(DetributedQueueTest.java:136)
	at java.util.concurrent.FutureTask.run(FutureTask.java:266)
	at java.util.concurrent.ThreadPoolExecutor.runWorker(ThreadPoolExecutor.java:1142)
	at java.util.concurrent.ThreadPoolExecutor$Worker.run(ThreadPoolExecutor.java:617)
	at java.lang.Thread.run(Thread.java:745)
18/02/06 10:55:58 ERROR distributedqueue.DistributedConcurrentLinkedQueue: Queue Poll Error
org.apache.zookeeper.KeeperException$NoNodeException: KeeperErrorCode = NoNode for /zkutils/zkqueues/leotest0000000060
	at org.apache.zookeeper.KeeperException.create(KeeperException.java:111)
	at org.apache.zookeeper.KeeperException.create(KeeperException.java:51)
	at org.apache.zookeeper.ZooKeeper.getData(ZooKeeper.java:1212)
	at org.apache.zookeeper.ZooKeeper.getData(ZooKeeper.java:1241)
	at com.study.distributedqueue.DistributedConcurrentLinkedQueue.poll(DistributedConcurrentLinkedQueue.java:92)
	at com.study.distributedqueue.DetributedQueueTest$8.call(DetributedQueueTest.java:140)
	at com.study.distributedqueue.DetributedQueueTest$8.call(DetributedQueueTest.java:136)
	at java.util.concurrent.FutureTask.run(FutureTask.java:266)
	at java.util.concurrent.ThreadPoolExecutor.runWorker(ThreadPoolExecutor.java:1142)
	at java.util.concurrent.ThreadPoolExecutor$Worker.run(ThreadPoolExecutor.java:617)
	at java.lang.Thread.run(Thread.java:745)
18/02/06 10:55:58 ERROR distributedqueue.DistributedConcurrentLinkedQueue: Queue Poll Error
org.apache.zookeeper.KeeperException$NoNodeException: KeeperErrorCode = NoNode for /zkutils/zkqueues/leotest0000000061
	at org.apache.zookeeper.KeeperException.create(KeeperException.java:111)
	at org.apache.zookeeper.KeeperException.create(KeeperException.java:51)
	at org.apache.zookeeper.ZooKeeper.delete(ZooKeeper.java:873)
	at com.study.distributedqueue.DistributedConcurrentLinkedQueue.poll(DistributedConcurrentLinkedQueue.java:93)
	at com.study.distributedqueue.DetributedQueueTest$8.call(DetributedQueueTest.java:140)
	at com.study.distributedqueue.DetributedQueueTest$8.call(DetributedQueueTest.java:136)
	at java.util.concurrent.FutureTask.run(FutureTask.java:266)
	at java.util.concurrent.ThreadPoolExecutor.runWorker(ThreadPoolExecutor.java:1142)
	at java.util.concurrent.ThreadPoolExecutor$Worker.run(ThreadPoolExecutor.java:617)
	at java.lang.Thread.run(Thread.java:745)
18/02/06 10:55:58 ERROR distributedqueue.DistributedConcurrentLinkedQueue: Queue Poll Error
org.apache.zookeeper.KeeperException$NoNodeException: KeeperErrorCode = NoNode for /zkutils/zkqueues/leotest0000000059
	at org.apache.zookeeper.KeeperException.create(KeeperException.java:111)
	at org.apache.zookeeper.KeeperException.create(KeeperException.java:51)
	at org.apache.zookeeper.ZooKeeper.getData(ZooKeeper.java:1212)
	at org.apache.zookeeper.ZooKeeper.getData(ZooKeeper.java:1241)
	at com.study.distributedqueue.DistributedConcurrentLinkedQueue.poll(DistributedConcurrentLinkedQueue.java:92)
	at com.study.distributedqueue.DetributedQueueTest$8.call(DetributedQueueTest.java:140)
	at com.study.distributedqueue.DetributedQueueTest$8.call(DetributedQueueTest.java:136)
	at java.util.concurrent.FutureTask.run(FutureTask.java:266)
	at java.util.concurrent.ThreadPoolExecutor.runWorker(ThreadPoolExecutor.java:1142)
	at java.util.concurrent.ThreadPoolExecutor$Worker.run(ThreadPoolExecutor.java:617)
	at java.lang.Thread.run(Thread.java:745)
18/02/06 10:55:58 ERROR distributedqueue.DistributedConcurrentLinkedQueue: Queue Poll Error
org.apache.zookeeper.KeeperException$NoNodeException: KeeperErrorCode = NoNode for /zkutils/zkqueues/leotest0000000059
	at org.apache.zookeeper.KeeperException.create(KeeperException.java:111)
	at org.apache.zookeeper.KeeperException.create(KeeperException.java:51)
	at org.apache.zookeeper.ZooKeeper.delete(ZooKeeper.java:873)
	at com.study.distributedqueue.DistributedConcurrentLinkedQueue.poll(DistributedConcurrentLinkedQueue.java:93)
	at com.study.distributedqueue.DetributedQueueTest$8.call(DetributedQueueTest.java:140)
	at com.study.distributedqueue.DetributedQueueTest$8.call(DetributedQueueTest.java:136)
	at java.util.concurrent.FutureTask.run(FutureTask.java:266)
	at java.util.concurrent.ThreadPoolExecutor.runWorker(ThreadPoolExecutor.java:1142)
	at java.util.concurrent.ThreadPoolExecutor$Worker.run(ThreadPoolExecutor.java:617)
	at java.lang.Thread.run(Thread.java:745)
18/02/06 10:55:58 ERROR distributedqueue.DistributedConcurrentLinkedQueue: Queue Poll Error
org.apache.zookeeper.KeeperException$NoNodeException: KeeperErrorCode = NoNode for /zkutils/zkqueues/leotest0000000062
	at org.apache.zookeeper.KeeperException.create(KeeperException.java:111)
	at org.apache.zookeeper.KeeperException.create(KeeperException.java:51)
	at org.apache.zookeeper.ZooKeeper.getData(ZooKeeper.java:1212)
	at org.apache.zookeeper.ZooKeeper.getData(ZooKeeper.java:1241)
	at com.study.distributedqueue.DistributedConcurrentLinkedQueue.poll(DistributedConcurrentLinkedQueue.java:92)
	at com.study.distributedqueue.DetributedQueueTest$8.call(DetributedQueueTest.java:140)
	at com.study.distributedqueue.DetributedQueueTest$8.call(DetributedQueueTest.java:136)
	at java.util.concurrent.FutureTask.run(FutureTask.java:266)
	at java.util.concurrent.ThreadPoolExecutor.runWorker(ThreadPoolExecutor.java:1142)
	at java.util.concurrent.ThreadPoolExecutor$Worker.run(ThreadPoolExecutor.java:617)
	at java.lang.Thread.run(Thread.java:745)
18/02/06 10:57:22 ERROR distributedqueue.DistributedConcurrentLinkedQueue: Queue Poll Error
org.apache.zookeeper.KeeperException$NoNodeException: KeeperErrorCode = NoNode for /zkutils/zkqueues/leotest0000000077
	at org.apache.zookeeper.KeeperException.create(KeeperException.java:111)
	at org.apache.zookeeper.KeeperException.create(KeeperException.java:51)
	at org.apache.zookeeper.ZooKeeper.getData(ZooKeeper.java:1212)
	at org.apache.zookeeper.ZooKeeper.getData(ZooKeeper.java:1241)
	at com.study.distributedqueue.DistributedConcurrentLinkedQueue.poll(DistributedConcurrentLinkedQueue.java:92)
	at com.study.distributedqueue.DetributedQueueTest$8.call(DetributedQueueTest.java:140)
	at com.study.distributedqueue.DetributedQueueTest$8.call(DetributedQueueTest.java:136)
	at java.util.concurrent.FutureTask.run(FutureTask.java:266)
	at java.util.concurrent.ThreadPoolExecutor.runWorker(ThreadPoolExecutor.java:1142)
	at java.util.concurrent.ThreadPoolExecutor$Worker.run(ThreadPoolExecutor.java:617)
	at java.lang.Thread.run(Thread.java:745)
18/02/06 10:57:22 ERROR distributedqueue.DistributedConcurrentLinkedQueue: Queue Poll Error
org.apache.zookeeper.KeeperException$NoNodeException: KeeperErrorCode = NoNode for /zkutils/zkqueues/leotest0000000077
	at org.apache.zookeeper.KeeperException.create(KeeperException.java:111)
	at org.apache.zookeeper.KeeperException.create(KeeperException.java:51)
	at org.apache.zookeeper.ZooKeeper.delete(ZooKeeper.java:873)
	at com.study.distributedqueue.DistributedConcurrentLinkedQueue.poll(DistributedConcurrentLinkedQueue.java:93)
	at com.study.distributedqueue.DetributedQueueTest$8.call(DetributedQueueTest.java:140)
	at com.study.distributedqueue.DetributedQueueTest$8.call(DetributedQueueTest.java:136)
	at java.util.concurrent.FutureTask.run(FutureTask.java:266)
	at java.util.concurrent.ThreadPoolExecutor.runWorker(ThreadPoolExecutor.java:1142)
	at java.util.concurrent.ThreadPoolExecutor$Worker.run(ThreadPoolExecutor.java:617)
	at java.lang.Thread.run(Thread.java:745)
18/02/06 10:57:22 ERROR distributedqueue.DistributedConcurrentLinkedQueue: Queue Poll Error
org.apache.zookeeper.KeeperException$NoNodeException: KeeperErrorCode = NoNode for /zkutils/zkqueues/leotest0000000078
	at org.apache.zookeeper.KeeperException.create(KeeperException.java:111)
	at org.apache.zookeeper.KeeperException.create(KeeperException.java:51)
	at org.apache.zookeeper.ZooKeeper.getData(ZooKeeper.java:1212)
	at org.apache.zookeeper.ZooKeeper.getData(ZooKeeper.java:1241)
	at com.study.distributedqueue.DistributedConcurrentLinkedQueue.poll(DistributedConcurrentLinkedQueue.java:92)
	at com.study.distributedqueue.DetributedQueueTest$8.call(DetributedQueueTest.java:140)
	at com.study.distributedqueue.DetributedQueueTest$8.call(DetributedQueueTest.java:136)
	at java.util.concurrent.FutureTask.run(FutureTask.java:266)
	at java.util.concurrent.ThreadPoolExecutor.runWorker(ThreadPoolExecutor.java:1142)
	at java.util.concurrent.ThreadPoolExecutor$Worker.run(ThreadPoolExecutor.java:617)
	at java.lang.Thread.run(Thread.java:745)
18/02/06 10:57:22 ERROR distributedqueue.DistributedConcurrentLinkedQueue: Queue Poll Error
org.apache.zookeeper.KeeperException$NoNodeException: KeeperErrorCode = NoNode for /zkutils/zkqueues/leotest0000000079
	at org.apache.zookeeper.KeeperException.create(KeeperException.java:111)
	at org.apache.zookeeper.KeeperException.create(KeeperException.java:51)
	at org.apache.zookeeper.ZooKeeper.getData(ZooKeeper.java:1212)
	at org.apache.zookeeper.ZooKeeper.getData(ZooKeeper.java:1241)
	at com.study.distributedqueue.DistributedConcurrentLinkedQueue.poll(DistributedConcurrentLinkedQueue.java:92)
	at com.study.distributedqueue.DetributedQueueTest$8.call(DetributedQueueTest.java:140)
	at com.study.distributedqueue.DetributedQueueTest$8.call(DetributedQueueTest.java:136)
	at java.util.concurrent.FutureTask.run(FutureTask.java:266)
	at java.util.concurrent.ThreadPoolExecutor.runWorker(ThreadPoolExecutor.java:1142)
	at java.util.concurrent.ThreadPoolExecutor$Worker.run(ThreadPoolExecutor.java:617)
	at java.lang.Thread.run(Thread.java:745)
18/02/06 10:57:22 ERROR distributedqueue.DistributedConcurrentLinkedQueue: Queue Poll Error
org.apache.zookeeper.KeeperException$NoNodeException: KeeperErrorCode = NoNode for /zkutils/zkqueues/leotest0000000080
	at org.apache.zookeeper.KeeperException.create(KeeperException.java:111)
	at org.apache.zookeeper.KeeperException.create(KeeperException.java:51)
	at org.apache.zookeeper.ZooKeeper.getData(ZooKeeper.java:1212)
	at org.apache.zookeeper.ZooKeeper.getData(ZooKeeper.java:1241)
	at com.study.distributedqueue.DistributedConcurrentLinkedQueue.poll(DistributedConcurrentLinkedQueue.java:92)
	at com.study.distributedqueue.DetributedQueueTest$8.call(DetributedQueueTest.java:140)
	at com.study.distributedqueue.DetributedQueueTest$8.call(DetributedQueueTest.java:136)
	at java.util.concurrent.FutureTask.run(FutureTask.java:266)
	at java.util.concurrent.ThreadPoolExecutor.runWorker(ThreadPoolExecutor.java:1142)
	at java.util.concurrent.ThreadPoolExecutor$Worker.run(ThreadPoolExecutor.java:617)
	at java.lang.Thread.run(Thread.java:745)
18/02/06 11:00:39 ERROR distributedqueue.DistributedConcurrentLinkedQueue: Queue Poll Error
org.apache.zookeeper.KeeperException$NoNodeException: KeeperErrorCode = NoNode for /zkutils/zkqueues/leotest0000000088
	at org.apache.zookeeper.KeeperException.create(KeeperException.java:111)
	at org.apache.zookeeper.KeeperException.create(KeeperException.java:51)
	at org.apache.zookeeper.ZooKeeper.getData(ZooKeeper.java:1212)
	at org.apache.zookeeper.ZooKeeper.getData(ZooKeeper.java:1241)
	at com.study.distributedqueue.DistributedConcurrentLinkedQueue.poll(DistributedConcurrentLinkedQueue.java:92)
	at com.study.distributedqueue.DetributedQueueTest$8.call(DetributedQueueTest.java:140)
	at com.study.distributedqueue.DetributedQueueTest$8.call(DetributedQueueTest.java:136)
	at java.util.concurrent.FutureTask.run(FutureTask.java:266)
	at java.util.concurrent.ThreadPoolExecutor.runWorker(ThreadPoolExecutor.java:1142)
	at java.util.concurrent.ThreadPoolExecutor$Worker.run(ThreadPoolExecutor.java:617)
	at java.lang.Thread.run(Thread.java:745)
18/02/06 11:00:39 ERROR distributedqueue.DistributedConcurrentLinkedQueue: Queue Poll Error
org.apache.zookeeper.KeeperException$NoNodeException: KeeperErrorCode = NoNode for /zkutils/zkqueues/leotest0000000087
	at org.apache.zookeeper.KeeperException.create(KeeperException.java:111)
	at org.apache.zookeeper.KeeperException.create(KeeperException.java:51)
	at org.apache.zookeeper.ZooKeeper.delete(ZooKeeper.java:873)
	at com.study.distributedqueue.DistributedConcurrentLinkedQueue.poll(DistributedConcurrentLinkedQueue.java:93)
	at com.study.distributedqueue.DetributedQueueTest$8.call(DetributedQueueTest.java:140)
	at com.study.distributedqueue.DetributedQueueTest$8.call(DetributedQueueTest.java:136)
	at java.util.concurrent.FutureTask.run(FutureTask.java:266)
	at java.util.concurrent.ThreadPoolExecutor.runWorker(ThreadPoolExecutor.java:1142)
	at java.util.concurrent.ThreadPoolExecutor$Worker.run(ThreadPoolExecutor.java:617)
	at java.lang.Thread.run(Thread.java:745)
18/02/06 11:00:39 ERROR distributedqueue.DistributedConcurrentLinkedQueue: Queue Poll Error
org.apache.zookeeper.KeeperException$NoNodeException: KeeperErrorCode = NoNode for /zkutils/zkqueues/leotest0000000087
	at org.apache.zookeeper.KeeperException.create(KeeperException.java:111)
	at org.apache.zookeeper.KeeperException.create(KeeperException.java:51)
	at org.apache.zookeeper.ZooKeeper.getData(ZooKeeper.java:1212)
	at org.apache.zookeeper.ZooKeeper.getData(ZooKeeper.java:1241)
	at com.study.distributedqueue.DistributedConcurrentLinkedQueue.poll(DistributedConcurrentLinkedQueue.java:92)
	at com.study.distributedqueue.DetributedQueueTest$8.call(DetributedQueueTest.java:140)
	at com.study.distributedqueue.DetributedQueueTest$8.call(DetributedQueueTest.java:136)
	at java.util.concurrent.FutureTask.run(FutureTask.java:266)
	at java.util.concurrent.ThreadPoolExecutor.runWorker(ThreadPoolExecutor.java:1142)
	at java.util.concurrent.ThreadPoolExecutor$Worker.run(ThreadPoolExecutor.java:617)
	at java.lang.Thread.run(Thread.java:745)
18/02/06 11:00:39 ERROR distributedqueue.DistributedConcurrentLinkedQueue: Queue Poll Error
org.apache.zookeeper.KeeperException$NoNodeException: KeeperErrorCode = NoNode for /zkutils/zkqueues/leotest0000000090
	at org.apache.zookeeper.KeeperException.create(KeeperException.java:111)
	at org.apache.zookeeper.KeeperException.create(KeeperException.java:51)
	at org.apache.zookeeper.ZooKeeper.getData(ZooKeeper.java:1212)
	at org.apache.zookeeper.ZooKeeper.getData(ZooKeeper.java:1241)
	at com.study.distributedqueue.DistributedConcurrentLinkedQueue.poll(DistributedConcurrentLinkedQueue.java:92)
	at com.study.distributedqueue.DetributedQueueTest$8.call(DetributedQueueTest.java:140)
	at com.study.distributedqueue.DetributedQueueTest$8.call(DetributedQueueTest.java:136)
	at java.util.concurrent.FutureTask.run(FutureTask.java:266)
	at java.util.concurrent.ThreadPoolExecutor.runWorker(ThreadPoolExecutor.java:1142)
	at java.util.concurrent.ThreadPoolExecutor$Worker.run(ThreadPoolExecutor.java:617)
	at java.lang.Thread.run(Thread.java:745)
18/02/06 11:00:39 ERROR distributedqueue.DistributedConcurrentLinkedQueue: Queue Poll Error
org.apache.zookeeper.KeeperException$NoNodeException: KeeperErrorCode = NoNode for /zkutils/zkqueues/leotest0000000089
	at org.apache.zookeeper.KeeperException.create(KeeperException.java:111)
	at org.apache.zookeeper.KeeperException.create(KeeperException.java:51)
	at org.apache.zookeeper.ZooKeeper.getData(ZooKeeper.java:1212)
	at org.apache.zookeeper.ZooKeeper.getData(ZooKeeper.java:1241)
	at com.study.distributedqueue.DistributedConcurrentLinkedQueue.poll(DistributedConcurrentLinkedQueue.java:92)
	at com.study.distributedqueue.DetributedQueueTest$8.call(DetributedQueueTest.java:140)
	at com.study.distributedqueue.DetributedQueueTest$8.call(DetributedQueueTest.java:136)
	at java.util.concurrent.FutureTask.run(FutureTask.java:266)
	at java.util.concurrent.ThreadPoolExecutor.runWorker(ThreadPoolExecutor.java:1142)
	at java.util.concurrent.ThreadPoolExecutor$Worker.run(ThreadPoolExecutor.java:617)
	at java.lang.Thread.run(Thread.java:745)
18/02/06 11:06:54 ERROR distributedqueue.DistributedConcurrentLinkedQueue: get FirstChild Error
org.apache.zookeeper.KeeperException$ConnectionLossException: KeeperErrorCode = ConnectionLoss for /zkutils/zkqueues
	at org.apache.zookeeper.KeeperException.create(KeeperException.java:99)
	at org.apache.zookeeper.KeeperException.create(KeeperException.java:51)
	at org.apache.zookeeper.ZooKeeper.getChildren(ZooKeeper.java:1532)
	at org.apache.zookeeper.ZooKeeper.getChildren(ZooKeeper.java:1560)
	at com.study.distributedqueue.DistributedConcurrentLinkedQueue.FirstChild(DistributedConcurrentLinkedQueue.java:156)
	at com.study.distributedqueue.DistributedConcurrentLinkedQueue.poll(DistributedConcurrentLinkedQueue.java:80)
	at com.study.distributedqueue.DetributedQueueTest$8.call(DetributedQueueTest.java:140)
	at com.study.distributedqueue.DetributedQueueTest$8.call(DetributedQueueTest.java:136)
	at java.util.concurrent.FutureTask.run(FutureTask.java:266)
	at java.util.concurrent.ThreadPoolExecutor.runWorker(ThreadPoolExecutor.java:1142)
	at java.util.concurrent.ThreadPoolExecutor$Worker.run(ThreadPoolExecutor.java:617)
	at java.lang.Thread.run(Thread.java:745)
18/02/06 11:25:39 ERROR distributedqueue.DistributedConcurrentLinkedQueue: Queue Poll Error
org.apache.zookeeper.KeeperException$NoNodeException: KeeperErrorCode = NoNode for /zkutils/zkqueues/leotest0000000461
	at org.apache.zookeeper.KeeperException.create(KeeperException.java:111)
	at org.apache.zookeeper.KeeperException.create(KeeperException.java:51)
	at org.apache.zookeeper.ZooKeeper.getData(ZooKeeper.java:1212)
	at org.apache.zookeeper.ZooKeeper.getData(ZooKeeper.java:1241)
	at com.study.distributedqueue.DistributedConcurrentLinkedQueue.poll(DistributedConcurrentLinkedQueue.java:91)
	at com.study.distributedqueue.DetributedQueueTest$8.call(DetributedQueueTest.java:139)
	at com.study.distributedqueue.DetributedQueueTest$8.call(DetributedQueueTest.java:135)
	at java.util.concurrent.FutureTask.run(FutureTask.java:266)
	at java.util.concurrent.ThreadPoolExecutor.runWorker(ThreadPoolExecutor.java:1142)
	at java.util.concurrent.ThreadPoolExecutor$Worker.run(ThreadPoolExecutor.java:617)
	at java.lang.Thread.run(Thread.java:745)
18/02/06 11:25:39 ERROR distributedqueue.DistributedConcurrentLinkedQueue: Queue Poll Error
org.apache.zookeeper.KeeperException$NoNodeException: KeeperErrorCode = NoNode for /zkutils/zkqueues/leotest0000000463
	at org.apache.zookeeper.KeeperException.create(KeeperException.java:111)
	at org.apache.zookeeper.KeeperException.create(KeeperException.java:51)
	at org.apache.zookeeper.ZooKeeper.delete(ZooKeeper.java:873)
	at com.study.distributedqueue.DistributedConcurrentLinkedQueue.poll(DistributedConcurrentLinkedQueue.java:92)
	at com.study.distributedqueue.DetributedQueueTest$8.call(DetributedQueueTest.java:139)
	at com.study.distributedqueue.DetributedQueueTest$8.call(DetributedQueueTest.java:135)
	at java.util.concurrent.FutureTask.run(FutureTask.java:266)
	at java.util.concurrent.ThreadPoolExecutor.runWorker(ThreadPoolExecutor.java:1142)
	at java.util.concurrent.ThreadPoolExecutor$Worker.run(ThreadPoolExecutor.java:617)
	at java.lang.Thread.run(Thread.java:745)
18/02/06 11:25:39 ERROR distributedqueue.DistributedConcurrentLinkedQueue: Queue Poll Error
org.apache.zookeeper.KeeperException$NoNodeException: KeeperErrorCode = NoNode for /zkutils/zkqueues/leotest0000000464
	at org.apache.zookeeper.KeeperException.create(KeeperException.java:111)
	at org.apache.zookeeper.KeeperException.create(KeeperException.java:51)
	at org.apache.zookeeper.ZooKeeper.delete(ZooKeeper.java:873)
	at com.study.distributedqueue.DistributedConcurrentLinkedQueue.poll(DistributedConcurrentLinkedQueue.java:92)
	at com.study.distributedqueue.DetributedQueueTest$8.call(DetributedQueueTest.java:139)
	at com.study.distributedqueue.DetributedQueueTest$8.call(DetributedQueueTest.java:135)
	at java.util.concurrent.FutureTask.run(FutureTask.java:266)
	at java.util.concurrent.ThreadPoolExecutor.runWorker(ThreadPoolExecutor.java:1142)
	at java.util.concurrent.ThreadPoolExecutor$Worker.run(ThreadPoolExecutor.java:617)
	at java.lang.Thread.run(Thread.java:745)
18/02/06 11:25:40 ERROR distributedqueue.DistributedConcurrentLinkedQueue: Queue Poll Error
org.apache.zookeeper.KeeperException$NoNodeException: KeeperErrorCode = NoNode for /zkutils/zkqueues/leotest0000000467
	at org.apache.zookeeper.KeeperException.create(KeeperException.java:111)
	at org.apache.zookeeper.KeeperException.create(KeeperException.java:51)
	at org.apache.zookeeper.ZooKeeper.getData(ZooKeeper.java:1212)
	at org.apache.zookeeper.ZooKeeper.getData(ZooKeeper.java:1241)
	at com.study.distributedqueue.DistributedConcurrentLinkedQueue.poll(DistributedConcurrentLinkedQueue.java:91)
	at com.study.distributedqueue.DetributedQueueTest$8.call(DetributedQueueTest.java:139)
	at com.study.distributedqueue.DetributedQueueTest$8.call(DetributedQueueTest.java:135)
	at java.util.concurrent.FutureTask.run(FutureTask.java:266)
	at java.util.concurrent.ThreadPoolExecutor.runWorker(ThreadPoolExecutor.java:1142)
	at java.util.concurrent.ThreadPoolExecutor$Worker.run(ThreadPoolExecutor.java:617)
	at java.lang.Thread.run(Thread.java:745)
18/02/06 11:25:40 ERROR distributedqueue.DistributedConcurrentLinkedQueue: Queue Poll Error
org.apache.zookeeper.KeeperException$NoNodeException: KeeperErrorCode = NoNode for /zkutils/zkqueues/leotest0000000468
	at org.apache.zookeeper.KeeperException.create(KeeperException.java:111)
	at org.apache.zookeeper.KeeperException.create(KeeperException.java:51)
	at org.apache.zookeeper.ZooKeeper.delete(ZooKeeper.java:873)
	at com.study.distributedqueue.DistributedConcurrentLinkedQueue.poll(DistributedConcurrentLinkedQueue.java:92)
	at com.study.distributedqueue.DetributedQueueTest$8.call(DetributedQueueTest.java:139)
	at com.study.distributedqueue.DetributedQueueTest$8.call(DetributedQueueTest.java:135)
	at java.util.concurrent.FutureTask.run(FutureTask.java:266)
	at java.util.concurrent.ThreadPoolExecutor.runWorker(ThreadPoolExecutor.java:1142)
	at java.util.concurrent.ThreadPoolExecutor$Worker.run(ThreadPoolExecutor.java:617)
	at java.lang.Thread.run(Thread.java:745)
